<?xml version="1.0" encoding="UTF-8"?>
<!-- Generated by org.testng.reporters.JUnitXMLReporter -->
<testsuite ignored="0" hostname="LAPTOP-K694228G" failures="0" tests="7" name="Test" time="0.068" errors="0" timestamp="2021-11-12T13:24:40 CET">
  <testcase classname="org.Learn.Login" name="test" time="0.01"/>
  <testcase classname="org.Learn.Login" name="test" time="0.01"/>
  <testcase classname="org.Learn.Login" name="test" time="0.01"/>
  <testcase classname="org.Learn.Login" name="test" time="0.0"/>
  <testcase classname="org.Learn.Login" name="test" time="0.001"/>
  <testcase classname="org.Learn.Login" name="test" time="0.001"/>
  <testcase classname="org.Learn.Login" name="test1" time="0.0"/>
</testsuite> <!-- Test -->
