<?xml version="1.0" encoding="UTF-8"?>
<testng-results ignored="0" total="7" passed="7" failed="0" skipped="0">
  <reporter-output>
  </reporter-output>
  <suite started-at="2021-11-12T13:24:40 CET" name="Suite" finished-at="2021-11-12T13:24:40 CET" duration-ms="68">
    <groups>
    </groups>
    <test started-at="2021-11-12T13:24:40 CET" name="Test" finished-at="2021-11-12T13:24:40 CET" duration-ms="68">
      <class name="org.Learn.Login">
        <test-method signature="test()[pri:0, instance:org.Learn.Login@65466a6a]" started-at="2021-11-12T13:24:40 CET" name="test" finished-at="2021-11-12T13:24:40 CET" duration-ms="10" status="PASS">
          <reporter-output>
          </reporter-output>
        </test-method> <!-- test -->
        <test-method signature="test()[pri:0, instance:org.Learn.Login@65466a6a]" started-at="2021-11-12T13:24:40 CET" name="test" finished-at="2021-11-12T13:24:40 CET" duration-ms="10" status="PASS">
          <reporter-output>
          </reporter-output>
        </test-method> <!-- test -->
        <test-method signature="test()[pri:0, instance:org.Learn.Login@65466a6a]" started-at="2021-11-12T13:24:40 CET" name="test" finished-at="2021-11-12T13:24:40 CET" duration-ms="10" status="PASS">
          <reporter-output>
          </reporter-output>
        </test-method> <!-- test -->
        <test-method signature="test()[pri:0, instance:org.Learn.Login@65466a6a]" started-at="2021-11-12T13:24:40 CET" name="test" finished-at="2021-11-12T13:24:40 CET" duration-ms="0" status="PASS">
          <reporter-output>
          </reporter-output>
        </test-method> <!-- test -->
        <test-method signature="test()[pri:0, instance:org.Learn.Login@65466a6a]" started-at="2021-11-12T13:24:40 CET" name="test" finished-at="2021-11-12T13:24:40 CET" duration-ms="1" status="PASS">
          <reporter-output>
          </reporter-output>
        </test-method> <!-- test -->
        <test-method signature="test()[pri:0, instance:org.Learn.Login@65466a6a]" started-at="2021-11-12T13:24:40 CET" name="test" finished-at="2021-11-12T13:24:40 CET" duration-ms="1" status="PASS">
          <reporter-output>
          </reporter-output>
        </test-method> <!-- test -->
        <test-method signature="test1()[pri:0, instance:org.Learn.Login@65466a6a]" started-at="2021-11-12T13:24:40 CET" name="test1" finished-at="2021-11-12T13:24:40 CET" duration-ms="0" status="PASS">
          <reporter-output>
          </reporter-output>
        </test-method> <!-- test1 -->
      </class> <!-- org.Learn.Login -->
    </test> <!-- Test -->
  </suite> <!-- Suite -->
</testng-results>
