<?xml version="1.0" encoding="UTF-8"?>
<testng-results ignored="0" total="1" passed="1" failed="0" skipped="0">
  <reporter-output>
  </reporter-output>
  <suite started-at="2022-12-06T01:12:35 CET" name="Suite" finished-at="2022-12-06T01:12:35 CET" duration-ms="49">
    <groups>
      <group name="tes">
        <method signature="InputData.testGetInputData(java.util.HashMap)[pri:0, instance:org.Learn.InputData@2a266d09]" name="testGetInputData" class="org.Learn.InputData"/>
      </group> <!-- tes -->
      <group name="ioo">
        <method signature="InputData.testGetInputData(java.util.HashMap)[pri:0, instance:org.Learn.InputData@2a266d09]" name="testGetInputData" class="org.Learn.InputData"/>
      </group> <!-- ioo -->
    </groups>
    <test started-at="2022-12-06T01:12:35 CET" name="Test" finished-at="2022-12-06T01:12:35 CET" duration-ms="49">
      <class name="org.Learn.InputData">
        <test-method signature="testGetInputData(java.util.HashMap)[pri:0, instance:org.Learn.InputData@2a266d09]" started-at="2022-12-06T01:12:35 CET" name="testGetInputData" data-provider="data" finished-at="2022-12-06T01:12:35 CET" duration-ms="7" status="PASS">
          <params>
            <param index="0">
              <value>
                <![CDATA[{Password1=ram12319, UserName=Ramesh122, Password=ram1231}]]>
              </value>
            </param>
          </params>
          <reporter-output>
          </reporter-output>
        </test-method> <!-- testGetInputData -->
      </class> <!-- org.Learn.InputData -->
    </test> <!-- Test -->
  </suite> <!-- Suite -->
</testng-results>
